c:\users\zorn\documents\visual studio 2013\projects\ahe_blur\ahe_blur\debug\vc120.pdb
c:\users\zorn\documents\visual studio 2013\projects\ahe_blur\ahe_blur\debug\vc120.idb
c:\users\zorn\documents\visual studio 2013\projects\ahe_blur\ahe_blur\debug\ahefilter.obj
c:\users\zorn\documents\visual studio 2013\projects\ahe_blur\ahe_blur\debug\datahandler.obj
c:\users\zorn\documents\visual studio 2013\projects\ahe_blur\ahe_blur\debug\program.obj
c:\users\zorn\documents\visual studio 2013\projects\ahe_blur\ahe_blur\debug\utilities.obj
c:\users\zorn\documents\visual studio 2013\projects\ahe_blur\ahe_blur\debug\cudahist.cu.cache
c:\users\zorn\documents\visual studio 2013\projects\ahe_blur\ahe_blur\debug\kernel.cu.cache
c:\users\zorn\documents\visual studio 2013\projects\ahe_blur\ahe_blur\debug\cudahist.cu.obj
c:\users\zorn\documents\visual studio 2013\projects\ahe_blur\ahe_blur\debug\kernel.cu.obj
c:\users\zorn\documents\visual studio 2013\projects\ahe_blur\debug\ahe_blur.pdb
c:\users\zorn\documents\visual studio 2013\projects\ahe_blur\ahe_blur\debug\ahe_blur.tlog\cl.command.1.tlog
c:\users\zorn\documents\visual studio 2013\projects\ahe_blur\ahe_blur\debug\ahe_blur.tlog\cl.read.1.tlog
c:\users\zorn\documents\visual studio 2013\projects\ahe_blur\ahe_blur\debug\ahe_blur.tlog\cl.write.1.tlog
c:\users\zorn\documents\visual studio 2013\projects\ahe_blur\ahe_blur\debug\ahe_blur.tlog\link-cvtres.read.1.tlog
c:\users\zorn\documents\visual studio 2013\projects\ahe_blur\ahe_blur\debug\ahe_blur.tlog\link-cvtres.write.1.tlog
c:\users\zorn\documents\visual studio 2013\projects\ahe_blur\ahe_blur\debug\ahe_blur.tlog\link-rc.read.1.tlog
c:\users\zorn\documents\visual studio 2013\projects\ahe_blur\ahe_blur\debug\ahe_blur.tlog\link-rc.write.1.tlog
c:\users\zorn\documents\visual studio 2013\projects\ahe_blur\ahe_blur\debug\ahe_blur.tlog\link.command.1.tlog
c:\users\zorn\documents\visual studio 2013\projects\ahe_blur\ahe_blur\debug\ahe_blur.tlog\link.read.1.tlog
c:\users\zorn\documents\visual studio 2013\projects\ahe_blur\ahe_blur\debug\ahe_blur.tlog\link.write.1.tlog
